0 info it worked if it ends with ok
1 verbose cli [ '/usr/bin/node', '/usr/bin/npm', 'install', '-g', 'brunch' ]
2 info using npm@1.4.28
3 info using node@v0.10.40
4 verbose node symlink /usr/bin/node
5 verbose cache add [ 'brunch', null ]
6 verbose cache add name=undefined spec="brunch" args=["brunch",null]
7 verbose parsed url { protocol: null,
7 verbose parsed url   slashes: null,
7 verbose parsed url   auth: null,
7 verbose parsed url   host: null,
7 verbose parsed url   port: null,
7 verbose parsed url   hostname: null,
7 verbose parsed url   hash: null,
7 verbose parsed url   search: null,
7 verbose parsed url   query: null,
7 verbose parsed url   pathname: 'brunch',
7 verbose parsed url   path: 'brunch',
7 verbose parsed url   href: 'brunch' }
8 silly lockFile 58390c40-brunch brunch
9 verbose lock brunch /home/vagrant/.npm/58390c40-brunch.lock
10 silly lockFile 58390c40-brunch brunch
11 silly lockFile 58390c40-brunch brunch
12 verbose addNamed [ 'brunch', '' ]
13 verbose addNamed [ null, '*' ]
14 silly lockFile 8098d1eb-brunch brunch@
15 verbose lock brunch@ /home/vagrant/.npm/8098d1eb-brunch.lock
16 silly addNameRange { name: 'brunch', range: '*', hasData: false }
17 verbose request where is /brunch
18 verbose request registry https://registry.npmjs.org/
19 verbose request id 3bc71fb644c16192
20 verbose url raw /brunch
21 verbose url resolving [ 'https://registry.npmjs.org/', './brunch' ]
22 verbose url resolved https://registry.npmjs.org/brunch
23 verbose request where is https://registry.npmjs.org/brunch
24 info trying registry request attempt 1 at 09:03:24
25 verbose etag "9071CV366OX4DM2RWGDL2K84F"
26 http GET https://registry.npmjs.org/brunch
27 http 304 https://registry.npmjs.org/brunch
28 silly registry.get cb [ 304,
28 silly registry.get   { date: 'Thu, 10 Sep 2015 09:03:40 GMT',
28 silly registry.get     via: '1.1 varnish',
28 silly registry.get     'cache-control': 'max-age=60',
28 silly registry.get     etag: '"9071CV366OX4DM2RWGDL2K84F"',
28 silly registry.get     age: '0',
28 silly registry.get     connection: 'keep-alive',
28 silly registry.get     'x-served-by': 'cache-fra1240-FRA',
28 silly registry.get     'x-cache': 'HIT',
28 silly registry.get     'x-cache-hits': '1',
28 silly registry.get     'x-timer': 'S1441875820.181721,VS0,VE101',
28 silly registry.get     vary: 'Accept' } ]
29 verbose etag https://registry.npmjs.org/brunch from cache
30 silly addNameRange number 2 { name: 'brunch', range: '*', hasData: true }
31 silly addNameRange versions [ 'brunch',
31 silly addNameRange   [ '0.0.1',
31 silly addNameRange     '0.0.2',
31 silly addNameRange     '0.0.3',
31 silly addNameRange     '0.0.4',
31 silly addNameRange     '0.0.5',
31 silly addNameRange     '0.0.6',
31 silly addNameRange     '0.0.7',
31 silly addNameRange     '0.0.8',
31 silly addNameRange     '0.1.0',
31 silly addNameRange     '0.1.1',
31 silly addNameRange     '0.1.3',
31 silly addNameRange     '0.1.4',
31 silly addNameRange     '0.1.5',
31 silly addNameRange     '0.1.6',
31 silly addNameRange     '0.1.7',
31 silly addNameRange     '0.1.8',
31 silly addNameRange     '0.1.9',
31 silly addNameRange     '0.2.0',
31 silly addNameRange     '0.2.1',
31 silly addNameRange     '0.2.2',
31 silly addNameRange     '0.2.3',
31 silly addNameRange     '0.2.4',
31 silly addNameRange     '0.2.6',
31 silly addNameRange     '0.2.7',
31 silly addNameRange     '0.2.8',
31 silly addNameRange     '0.3.0',
31 silly addNameRange     '0.3.1',
31 silly addNameRange     '0.3.2',
31 silly addNameRange     '0.3.4',
31 silly addNameRange     '0.3.5',
31 silly addNameRange     '0.3.6',
31 silly addNameRange     '0.3.7',
31 silly addNameRange     '0.4.0',
31 silly addNameRange     '0.4.1',
31 silly addNameRange     '0.4.2',
31 silly addNameRange     '0.4.3',
31 silly addNameRange     '0.4.4',
31 silly addNameRange     '0.4.5',
31 silly addNameRange     '0.5.1',
31 silly addNameRange     '0.5.2',
31 silly addNameRange     '0.5.3',
31 silly addNameRange     '0.5.4',
31 silly addNameRange     '0.5.5',
31 silly addNameRange     '0.5.6',
31 silly addNameRange     '0.6.0',
31 silly addNameRange     '0.6.1',
31 silly addNameRange     '0.6.2',
31 silly addNameRange     '0.7.0',
31 silly addNameRange     '0.7.1',
31 silly addNameRange     '0.7.2',
31 silly addNameRange     '0.7.3',
31 silly addNameRange     '0.7.4',
31 silly addNameRange     '0.8.0',
31 silly addNameRange     '0.8.1',
31 silly addNameRange     '0.9.0-beta1',
31 silly addNameRange     '0.9.0',
31 silly addNameRange     '0.9.1',
31 silly addNameRange     '1.0.0',
31 silly addNameRange     '1.0.1',
31 silly addNameRange     '1.0.2',
31 silly addNameRange     '1.0.3',
31 silly addNameRange     '1.1.0',
31 silly addNameRange     '1.1.1',
31 silly addNameRange     '1.1.2',
31 silly addNameRange     '1.2.0',
31 silly addNameRange     '1.2.1',
31 silly addNameRange     '1.2.2',
31 silly addNameRange     '1.3.0',
31 silly addNameRange     '1.3.1',
31 silly addNameRange     '1.3.2',
31 silly addNameRange     '1.3.3',
31 silly addNameRange     '1.3.4',
31 silly addNameRange     '1.4.0',
31 silly addNameRange     '1.4.1',
31 silly addNameRange     '1.4.2',
31 silly addNameRange     '1.4.3',
31 silly addNameRange     '1.4.4',
31 silly addNameRange     '1.4.5',
31 silly addNameRange     '1.5.0',
31 silly addNameRange     '1.5.1',
31 silly addNameRange     '1.5.2',
31 silly addNameRange     '1.5.3',
31 silly addNameRange     '1.5.4',
31 silly addNameRange     '1.6.0',
31 silly addNameRange     '1.6.1',
31 silly addNameRange     '1.6.2',
31 silly addNameRange     '1.6.3',
31 silly addNameRange     '1.6.4',
31 silly addNameRange     '1.6.5',
31 silly addNameRange     '1.6.6',
31 silly addNameRange     '1.6.7',
31 silly addNameRange     '1.7.0',
31 silly addNameRange     '1.7.1',
31 silly addNameRange     '1.7.2',
31 silly addNameRange     '1.7.3',
31 silly addNameRange     '1.7.4',
31 silly addNameRange     '1.7.5',
31 silly addNameRange     '1.7.6',
31 silly addNameRange     '1.7.7',
31 silly addNameRange     '1.7.8',
31 silly addNameRange     '1.7.9',
31 silly addNameRange     '1.7.10',
31 silly addNameRange     '1.7.12',
31 silly addNameRange     '1.7.13',
31 silly addNameRange     '1.7.14',
31 silly addNameRange     '1.7.15',
31 silly addNameRange     '1.7.16',
31 silly addNameRange     '1.7.17',
31 silly addNameRange     '1.7.18',
31 silly addNameRange     '1.7.19',
31 silly addNameRange     '1.7.20',
31 silly addNameRange     '1.8.0',
31 silly addNameRange     '1.8.1',
31 silly addNameRange     '1.8.2',
31 silly addNameRange     '1.8.3',
31 silly addNameRange     '1.8.4',
31 silly addNameRange     '1.8.5' ] ]
32 verbose addNamed [ 'brunch', '1.8.5' ]
33 verbose addNamed [ '1.8.5', '1.8.5' ]
34 silly lockFile 97d11f37-brunch-1-8-5 brunch@1.8.5
35 verbose lock brunch@1.8.5 /home/vagrant/.npm/97d11f37-brunch-1-8-5.lock
36 silly lockFile 97d11f37-brunch-1-8-5 brunch@1.8.5
37 silly lockFile 97d11f37-brunch-1-8-5 brunch@1.8.5
38 silly lockFile 8098d1eb-brunch brunch@
39 silly lockFile 8098d1eb-brunch brunch@
40 silly resolved [ { name: 'brunch',
40 silly resolved     description: 'A lightweight approach to building HTML5 applications with emphasis on elegance and simplicity',
40 silly resolved     version: '1.8.5',
40 silly resolved     keywords:
40 silly resolved      [ 'assembler',
40 silly resolved        'builder',
40 silly resolved        'stack',
40 silly resolved        'chaplin',
40 silly resolved        'backbone',
40 silly resolved        'ember',
40 silly resolved        'angular',
40 silly resolved        'html5' ],
40 silly resolved     homepage: 'http://brunch.io/',
40 silly resolved     author: { name: 'Brunch team', url: 'http://brunch.io' },
40 silly resolved     repository: { type: 'git', url: 'git+https://github.com/brunch/brunch.git' },
40 silly resolved     bugs: { url: 'http://github.com/brunch/brunch/issues' },
40 silly resolved     licenses: [ [Object] ],
40 silly resolved     main: './lib/index',
40 silly resolved     bin: { brunch: './bin/brunch' },
40 silly resolved     scripts:
40 silly resolved      { prepublish: 'coffee -bo lib/ src/',
40 silly resolved        postinstall: 'node -e "require(\'fs\').readdir(\'lib\',function(e){e&&require(\'child_process\').exec(\'npm run prepublish\')})"',
40 silly resolved        test: 'mocha --compilers coffee:coffee-script/register --require test/common.coffee --colors' },
40 silly resolved     preferGlobal: true,
40 silly resolved     dependencies:
40 silly resolved      { anymatch: '~1.3.0',
40 silly resolved        anysort: '~1.0.0',
40 silly resolved        'async-each': '~0.1.2',
40 silly resolved        'async-waterfall': '~0.1.2',
40 silly resolved        chokidar: '~1.0.1',
40 silly resolved        'coffee-script': '~1.9.0',
40 silly resolved        commander: '~2.7.1',
40 silly resolved        'commonjs-require-definition': '~0.2.0',
40 silly resolved        debug: '~2.1.1',
40 silly resolved        deppack: '~0.1.0',
40 silly resolved        fcache: '~0.1.0',
40 silly resolved        'init-skeleton': '~0.4.0',
40 silly resolved        loggy: '~0.2.0',
40 silly resolved        mkdirp: '~0.5.0',
40 silly resolved        pushserve: '~0.1.6',
40 silly resolved        'quickly-copy-file': '~0.1.0',
40 silly resolved        'read-components': '~0.6.0',
40 silly resolved        'source-map': '~0.3.0' },
40 silly resolved     devDependencies:
40 silly resolved      { mocha: '~1.12.0',
40 silly resolved        chai: '~1.7.0',
40 silly resolved        rewire: '~1.1.3',
40 silly resolved        express: '~3.3.0' },
40 silly resolved     gitHead: 'b8b25bc2c0e6dd21a8ad3d2a8e0157e770f3d3d2',
40 silly resolved     _id: 'brunch@1.8.5',
40 silly resolved     _shasum: '50e6536eee40159a3fa3b65c14e09bc83a47cc39',
40 silly resolved     _from: 'brunch@',
40 silly resolved     _npmVersion: '2.13.0',
40 silly resolved     _nodeVersion: '2.4.0',
40 silly resolved     _npmUser: { name: 'es128', email: 'elan.shanker+npm@gmail.com' },
40 silly resolved     dist:
40 silly resolved      { shasum: '50e6536eee40159a3fa3b65c14e09bc83a47cc39',
40 silly resolved        tarball: 'http://registry.npmjs.org/brunch/-/brunch-1.8.5.tgz' },
40 silly resolved     maintainers: [ [Object], [Object], [Object], [Object] ],
40 silly resolved     directories: {},
40 silly resolved     _resolved: 'https://registry.npmjs.org/brunch/-/brunch-1.8.5.tgz',
40 silly resolved     readme: 'ERROR: No README data found!' } ]
41 info install brunch@1.8.5 into /usr/lib
42 info installOne brunch@1.8.5
43 verbose lib/node_modules/brunch unbuild
44 verbose tar unpack /home/vagrant/.npm/brunch/1.8.5/package.tgz
45 silly lockFile e36b81df-tar-usr-lib-node-modules-brunch tar:///usr/lib/node_modules/brunch
46 verbose lock tar:///usr/lib/node_modules/brunch /home/vagrant/.npm/e36b81df-tar-usr-lib-node-modules-brunch.lock
47 silly lockFile 9c916484-ant-npm-brunch-1-8-5-package-tgz tar:///home/vagrant/.npm/brunch/1.8.5/package.tgz
48 verbose lock tar:///home/vagrant/.npm/brunch/1.8.5/package.tgz /home/vagrant/.npm/9c916484-ant-npm-brunch-1-8-5-package-tgz.lock
49 silly gunzTarPerm modes [ '775', '664' ]
50 error Error: EACCES, mkdir '/usr/lib/node_modules/brunch'
50 error  { [Error: EACCES, mkdir '/usr/lib/node_modules/brunch']
50 error   errno: 3,
50 error   code: 'EACCES',
50 error   path: '/usr/lib/node_modules/brunch',
50 error   fstream_type: 'Directory',
50 error   fstream_path: '/usr/lib/node_modules/brunch',
50 error   fstream_class: 'DirWriter',
50 error   fstream_stack:
50 error    [ '/usr/lib/node_modules/npm/node_modules/fstream/lib/dir-writer.js:36:23',
50 error      '/usr/lib/node_modules/npm/node_modules/mkdirp/index.js:46:53',
50 error      'Object.oncomplete (fs.js:108:15)' ] }
51 error Please try running this command again as root/Administrator.
52 error System Linux 3.13.0-24-generic
53 error command "/usr/bin/node" "/usr/bin/npm" "install" "-g" "brunch"
54 error cwd /vagrant/hieApp
55 error node -v v0.10.40
56 error npm -v 1.4.28
57 error path /usr/lib/node_modules/brunch
58 error fstream_path /usr/lib/node_modules/brunch
59 error fstream_type Directory
60 error fstream_class DirWriter
61 error code EACCES
62 error errno 3
63 error stack Error: EACCES, mkdir '/usr/lib/node_modules/brunch'
64 error fstream_stack /usr/lib/node_modules/npm/node_modules/fstream/lib/dir-writer.js:36:23
64 error fstream_stack /usr/lib/node_modules/npm/node_modules/mkdirp/index.js:46:53
64 error fstream_stack Object.oncomplete (fs.js:108:15)
65 verbose exit [ 3, true ]
